computer,zs,56
computer,ls,96
computer,ww,86
computer,z6,56
computer,z7,76
computer,z8,65
computer,z9,44
computer,z10,98
computer,z11,60
computer,z12,77
english,zs,36
english,ls,56
english,ww,88
english,z6,77
english,z7,66
english,z8,55
english,z9,44
english,z10,93
english,z11,60
english,z12,77
math,zs,99
math,ls,88
math,ww,55
math,z6,77
math,z7,66
math,z8,33
math,z9,44
math,z10,93
math,z11,60
math,z12,77
history,zs,87
history,ls,88
history,ww,55
history,z6,77
history,z7,66
history,z8,33
history,z9,44
history,z10,93
history,z11,60
history,z12,77